[rospy.client][INFO] 2024-05-02 05:41:31,713: init_node, name[/ev3], pid[1916]
[xmlrpc][INFO] 2024-05-02 05:41:32,086: XML-RPC server binding to 0.0.0.0:0
[rospy.init][INFO] 2024-05-02 05:41:32,248: ROS Slave URI: [http://ev3dev:37991/]
[xmlrpc][INFO] 2024-05-02 05:41:32,251: Started XML-RPC server [http://ev3dev:37991/]
[rospy.impl.masterslave][INFO] 2024-05-02 05:41:32,288: _ready: http://ev3dev:37991/
[xmlrpc][INFO] 2024-05-02 05:41:32,317: xml rpc node: starting XML-RPC server
[rospy.registration][INFO] 2024-05-02 05:41:32,391: Registering with master node http://192.168.44.128:11311
[rospy.init][INFO] 2024-05-02 05:41:32,486: registered with master
[rospy.rosout][INFO] 2024-05-02 05:41:32,506: initializing /rosout core topic
[rospy.rosout][INFO] 2024-05-02 05:41:33,049: connected to core topic /rosout
[rospy.simtime][INFO] 2024-05-02 05:41:33,253: /use_sim_time is not set, will not subscribe to simulated time [/clock] topic
[rospy.core][INFO] 2024-05-02 05:42:26,308: signal_shutdown [signal-2]
[rospy.impl.masterslave][INFO] 2024-05-02 05:42:27,006: signal-2
[rospy.core][INFO] 2024-05-02 05:42:27,537: signal_shutdown [atexit]
[rospy.client][INFO] 2024-05-02 05:45:52,438: init_node, name[/ev3], pid[2064]
[xmlrpc][INFO] 2024-05-02 05:45:52,639: XML-RPC server binding to 0.0.0.0:0
[rospy.init][INFO] 2024-05-02 05:45:52,803: ROS Slave URI: [http://ev3dev:43877/]
[xmlrpc][INFO] 2024-05-02 05:45:52,806: Started XML-RPC server [http://ev3dev:43877/]
[rospy.impl.masterslave][INFO] 2024-05-02 05:45:52,841: _ready: http://ev3dev:43877/
[xmlrpc][INFO] 2024-05-02 05:45:52,868: xml rpc node: starting XML-RPC server
[rospy.registration][INFO] 2024-05-02 05:45:52,945: Registering with master node http://192.168.44.128:11311
[rospy.init][INFO] 2024-05-02 05:45:53,042: registered with master
[rospy.rosout][INFO] 2024-05-02 05:45:53,058: initializing /rosout core topic
[rospy.rosout][INFO] 2024-05-02 05:45:53,369: connected to core topic /rosout
[rospy.simtime][INFO] 2024-05-02 05:45:53,567: /use_sim_time is not set, will not subscribe to simulated time [/clock] topic
[rospy.core][INFO] 2024-05-02 05:46:24,777: signal_shutdown [signal-2]
[rospy.impl.masterslave][INFO] 2024-05-02 05:46:25,099: signal-2
[rospy.core][INFO] 2024-05-02 05:46:25,550: signal_shutdown [atexit]
[rospy.client][INFO] 2024-05-02 05:50:11,728: init_node, name[/ev3], pid[2147]
[xmlrpc][INFO] 2024-05-02 05:50:11,911: XML-RPC server binding to 0.0.0.0:0
[xmlrpc][INFO] 2024-05-02 05:50:12,029: Started XML-RPC server [http://ev3dev:33345/]
[rospy.init][INFO] 2024-05-02 05:50:12,036: ROS Slave URI: [http://ev3dev:33345/]
[rospy.impl.masterslave][INFO] 2024-05-02 05:50:12,067: _ready: http://ev3dev:33345/
[xmlrpc][INFO] 2024-05-02 05:50:12,099: xml rpc node: starting XML-RPC server
[rospy.registration][INFO] 2024-05-02 05:50:12,168: Registering with master node http://192.168.44.128:11311
[rospy.init][INFO] 2024-05-02 05:50:12,279: registered with master
[rospy.rosout][INFO] 2024-05-02 05:50:12,298: initializing /rosout core topic
[rospy.core][INFO] 2024-05-02 05:50:12,437: signal_shutdown [signal-2]
[rospy.registration][WARNING] 2024-05-02 05:50:12,589: cannot unregister with master due to network issues
[rospy.impl.masterslave][INFO] 2024-05-02 05:50:12,609: signal-2
[rospy.registration][ERROR] 2024-05-02 05:50:13,195: [Errno 111] Connection refused
Unable to register with master node [http://192.168.44.128:11311]: master may not be running yet. Will keep trying.
[rospy.rosout][INFO] 2024-05-02 05:50:13,454: connected to core topic /rosout
[rospy.simtime][ERROR] 2024-05-02 05:50:13,743: Unable to initialize /clock: [Errno 111] Connection refused
Traceback (most recent call last):
  File "/usr/lib/python2.7/dist-packages/rospy/impl/simtime.py", line 79, in init_simtime
    if not _is_use_simtime():
  File "/usr/lib/python2.7/dist-packages/rospy/impl/simtime.py", line 60, in _is_use_simtime
    code, msg, val = m.getParam(rospy.names.get_caller_id(), _USE_SIMTIME)
  File "/usr/lib/python2.7/xmlrpclib.py", line 1243, in __call__
    return self.__send(self.__name, args)
  File "/usr/lib/python2.7/xmlrpclib.py", line 1602, in __request
    verbose=self.__verbose
  File "/usr/lib/python2.7/xmlrpclib.py", line 1283, in request
    return self.single_request(host, handler, request_body, verbose)
  File "/usr/lib/python2.7/xmlrpclib.py", line 1311, in single_request
    self.send_content(h, request_body)
  File "/usr/lib/python2.7/xmlrpclib.py", line 1459, in send_content
    connection.endheaders(request_body)
  File "/usr/lib/python2.7/httplib.py", line 1054, in endheaders
    self._send_output(message_body)
  File "/usr/lib/python2.7/httplib.py", line 892, in _send_output
    self.send(msg)
  File "/usr/lib/python2.7/httplib.py", line 854, in send
    self.connect()
  File "/usr/lib/python2.7/httplib.py", line 831, in connect
    self.timeout, self.source_address)
  File "/usr/lib/python2.7/socket.py", line 575, in create_connection
    raise err
error: [Errno 111] Connection refused

[rospy.core][INFO] 2024-05-02 05:50:13,872: signal_shutdown [atexit]
